[2019-12-16T17:08:15.730] [INFO] default - --------------------------- 开始编译 ---------------------------
[2019-12-16T17:08:15.733] [INFO] default - 程序运行目录: D:\work\人事年终报道H5
[2019-12-16T17:08:15.733] [INFO] default - 首次启动!
[2019-12-16T17:08:15.733] [INFO] default - 生成版本号: bqm2oret3is
[2019-12-16T17:08:15.739] [INFO] default - 清理资源文件夹: D:\work\人事年终报道H5\dist\static
[2019-12-16T17:08:15.739] [INFO] default - 文件夹不存在: D:\work\人事年终报道H5\dist\static
[2019-12-16T17:08:15.739] [INFO] default - 创建文件夹: D:\work\人事年终报道H5\dist\static
[2019-12-16T17:08:15.739] [INFO] default - 读取模板文件: C:\Users\PG\Documents\GitHub\PG\lib\index.html
[2019-12-16T17:08:15.740] [DEBUG] default - 读取网页标题: {TAG_14226_TAG}
[2019-12-16T17:08:15.740] [DEBUG] default - 处理页面源信息: [{"http-equiv":"content-type","content":"text/html; charset=UTF-8"},{"name":"viewport","content":"width=device-width, initial-scale=1.0, maximum-scale=1.0, minimum-scale=1.0, user-scalable=no"},{"name":"format-detection","content":"telephone=no, email=no"},{"name":"apple-mobile-web-app-capable","content":"yes"},{"name":"apple-mobile-web-app-status-bar-style","content":"white"},{"name":"renderer","content":"webkit"},{"http-equiv":"X-UA-Compatible","content":"IE=edge,chrome=1"},{"name":"filetype","content":"1"},{"name":"publishedtype","content":"1"},{"name":"pagetype","content":"2"},{"name":"screen-orientation","content":"landscape"},{"name":"x5-orientation","content":"landscape"},{"name":"full-screen","content":"yes"},{"name":"x5-fullscreen","content":"true"},{"name":"browsermode","content":"application"},{"name":"x5-page-mode","content":"app"}]
[2019-12-16T17:08:15.741] [INFO] default - 开始处理模块: one
[2019-12-16T17:08:16.187] [DEBUG] default - 缓存模板: one./src/page/one.owo
[2019-12-16T17:08:16.222] [DEBUG] default - 页面one处理用时: 482 毫秒!
[2019-12-16T17:08:16.223] [INFO] default - 开始处理模块: two
[2019-12-16T17:08:16.231] [DEBUG] default - 缓存模板: two./src/page/two.owo
[2019-12-16T17:08:16.236] [DEBUG] default - 页面two处理用时: 13 毫秒!
[2019-12-16T17:08:16.236] [INFO] default - 开始处理模块: three
[2019-12-16T17:08:16.244] [INFO] default - 开始处理模块: tagCloud
[2019-12-16T17:08:16.244] [DEBUG] default - 使用文件缓存:D:\work\人事年终报道H5\owo_modules\af5a0e3300f19a05be195f4663973d3a.owo
[2019-12-16T17:08:16.268] [DEBUG] default - 缓存模板: tagCloudhttps://owo.ink/public/0db495367f5dbb795815438280175ad7.page
[2019-12-16T17:08:16.278] [DEBUG] default - 模块tagCloud处理用时: 34 毫秒!
[2019-12-16T17:08:16.280] [DEBUG] default - 缓存模板: three./src/page/three.owo
[2019-12-16T17:08:16.280] [DEBUG] default - 页面three处理用时: 44 毫秒!
[2019-12-16T17:08:16.280] [INFO] default - 开始处理模块: four
[2019-12-16T17:08:16.286] [INFO] default - 开始处理模块: a5Jkh9zomp95ftbW
[2019-12-16T17:08:16.287] [DEBUG] default - 使用文件缓存:D:\work\人事年终报道H5\owo_modules\adac7da517e800aaae6c0afedd423696.owo
[2019-12-16T17:08:16.297] [DEBUG] default - 缓存模板: a5Jkh9zomp95ftbWhttps://owo.ink/public/f6f3e7e8691c2cf683f992fe7f24f22a.page
[2019-12-16T17:08:16.303] [DEBUG] default - 模块a5Jkh9zomp95ftbW处理用时: 17 毫秒!
[2019-12-16T17:08:16.304] [DEBUG] default - 缓存模板: four./src/page/four.owo
[2019-12-16T17:08:16.305] [DEBUG] default - 页面four处理用时: 25 毫秒!
[2019-12-16T17:08:16.306] [INFO] default - 文件夹不存在: D:/work/人事年终报道H5/dist/static/resource
[2019-12-16T17:08:16.306] [INFO] default - 创建文件夹: D:/work/人事年终报道H5/dist/static/resource
[2019-12-16T17:08:16.307] [DEBUG] default - 处理资源:  [ 'D:/work/人事年终报道H5/src/resource/title.png' ]
[2019-12-16T17:08:16.308] [DEBUG] default - 资源目录:  D:/work/人事年终报道H5/dist/static/resource
[2019-12-16T17:08:16.309] [DEBUG] default - css中的资源处理完毕!
[2019-12-16T17:08:16.794] [DEBUG] default - 使用postcss处理样式，使用了1个插件!
[2019-12-16T17:08:16.833] [INFO] default - 文件夹不存在: D:\work\人事年终报道H5\dist\static\css
[2019-12-16T17:08:16.833] [INFO] default - 创建文件夹: D:\work\人事年终报道H5\dist\static\css
[2019-12-16T17:08:16.833] [INFO] default - 开始处理附属css中的资源
[2019-12-16T17:08:16.833] [INFO] default - 附属css中的资源处理完毕!
[2019-12-16T17:08:16.833] [INFO] default - 处理字体: {}
[2019-12-16T17:08:16.838] [INFO] default - 使用postcss处理完毕! 用时: 44 毫秒
[2019-12-16T17:08:16.838] [INFO] default - 正在处理script!
[2019-12-16T17:08:17.361] [INFO] default - 工程中包含多个页面!
[2019-12-16T17:08:17.362] [INFO] default - js中的资源处理完毕!
[2019-12-16T17:08:17.363] [DEBUG] default - 处理引用脚本: [{"name":"jquery1.11.0","src":"http://tools.people.com.cn/libs/jquery/1.11.1/jquery-1.11.1.min.js"},{"name":"tagcanvas.min","src":"./src/resource/tagcanvas.min.js"},{"name":"main","src":"./src/main.js","resource":true}]
[2019-12-16T17:08:17.363] [DEBUG] default - 外部脚本数量: 3
[2019-12-16T17:08:17.363] [DEBUG] default - 处理脚本: jquery1.11.0
[2019-12-16T17:08:17.363] [DEBUG] default - 网络脚本: jquery1.11.0
[2019-12-16T17:08:17.363] [DEBUG] default - 处理脚本: tagcanvas.min
[2019-12-16T17:08:17.363] [INFO] default - 读取文件: D:\work\人事年终报道H5\src\resource\tagcanvas.min.js
[2019-12-16T17:08:17.363] [DEBUG] default - 处理脚本: main
[2019-12-16T17:08:17.363] [INFO] default - 读取文件: D:\work\人事年终报道H5\src\main.js
[2019-12-16T17:08:17.363] [DEBUG] default - 输出scriptData
[2019-12-16T17:08:17.366] [DEBUG] default - 准备输出html!
[2019-12-16T17:08:17.366] [DEBUG] default - 忽略文件: D:/work/人事年终报道H5/src/resource/bg-h5.jpg
[2019-12-16T17:08:17.366] [DEBUG] default - 忽略文件: D:/work/人事年终报道H5/src/resource/next.png
[2019-12-16T17:08:17.366] [DEBUG] default - 忽略文件: D:/work/人事年终报道H5/src/resource/bg-h5.jpg
[2019-12-16T17:08:17.366] [DEBUG] default - 忽略文件: D:/work/人事年终报道H5/src/resource/last.png
[2019-12-16T17:08:17.366] [DEBUG] default - 忽略文件: D:/work/人事年终报道H5/src/resource/next.png
[2019-12-16T17:08:17.366] [DEBUG] default - 忽略文件: D:/work/人事年终报道H5/src/resource/bg-h5.jpg
[2019-12-16T17:08:17.366] [DEBUG] default - 忽略文件: D:/work/人事年终报道H5/src/resource/last.png
[2019-12-16T17:08:17.366] [DEBUG] default - 处理资源:  [ 'D:/work/人事年终报道H5/src/resource/bg-h5.jpg',
  'D:/work/人事年终报道H5/src/resource/next.png',
  'D:/work/人事年终报道H5/src/resource/last.png',
  'D:/work/人事年终报道H5/src/resource/home.png' ]
[2019-12-16T17:08:17.367] [DEBUG] default - 资源目录:  D:/work/人事年终报道H5/dist/static/resource
[2019-12-16T17:08:17.367] [DEBUG] default - 开始美化html
[2019-12-16T17:08:17.393] [INFO] default - 文件夹不存在: D:\work\人事年终报道H5\dist\static\js
[2019-12-16T17:08:17.394] [INFO] default - 创建文件夹: D:\work\人事年终报道H5\dist\static\js
[2019-12-16T17:08:17.394] [INFO] default - 包含有页面切换动画!
[2019-12-16T17:08:17.394] [INFO] default - 动画列表: rotateRightSideFirst,moveFromRight,delay200,rotateLeftSideFirst,moveFromLeft
[2019-12-16T17:08:17.394] [INFO] default - 编译结束!
[2019-12-16T17:08:17.411] [INFO] default - 写入文件: D:\work\人事年终报道H5\dist\static\css\owo.main.bqm2oret3is.css
[2019-12-16T17:08:17.411] [INFO] default - 主要逻辑文件写出成功!
[2019-12-16T17:08:17.411] [INFO] default - 读取成功: D:\work\人事年终报道H5\src\main.css
[2019-12-16T17:08:17.412] [INFO] default - 读取成功: D:\work\人事年终报道H5\src\main.js
[2019-12-16T17:08:17.523] [INFO] default - 写入文件: D:\work\人事年终报道H5\dist\static\css\main.css
[2019-12-16T17:08:17.528] [INFO] default - 写入文件: D:\work\人事年终报道H5\dist\static\js\main.js
[2019-12-16T17:08:17.529] [INFO] default - 读取成功: D:\work\人事年终报道H5\src\resource\tagcanvas.min.js
[2019-12-16T17:08:17.529] [INFO] default - 写入文件: D:\work\人事年终报道H5\dist\static\js\tagcanvas.min.js
